# JRE version: Java(TM) SE Runtime Environment (15.0+36) (build 15+36-1562)
# Java VM: Java HotSpot(TM) 64-Bit Server VM (15+36-1562, mixed mode, sharing, tiered, compressed oops, g1 gc, windows-amd64)
GC Precious Log:
 CPUs: 4 total, 4 available
 Memory: 12193M
 Large Page Support: Disabled
 NUMA Support: Disabled
 Compressed Oops: Enabled (Zero based)
 Heap Region Size: 2M
 Heap Min Capacity: 8M
 Heap Initial Capacity: 192M
 Heap Max Capacity: 3050M
 Pre-touch: Disabled
 Parallel Workers: 4
 Concurrent Workers: 1
 Concurrent Refinement Workers: 4
 Periodic GC: Disabled
Heap:
 garbage-first heap   total 61440K, used 23968K [0x0000000741600000, 0x0000000800000000)
  region size 2048K, 3 young (6144K), 2 survivors (4096K)
 Metaspace       used 29573K, capacity 30030K, committed 30204K, reserved 1075200K
  class space    used 3781K, capacity 3943K, committed 3968K, reserved 1048576K
GC Heap History (12 events):
Event: 0.481 GC heap before
{Heap before GC invocations=0 (full 0):
 garbage-first heap   total 196608K, used 10240K [0x0000000741600000, 0x0000000800000000)
  region size 2048K, 6 young (12288K), 0 survivors (0K)
 Metaspace       used 2623K, capacity 5861K, committed 6016K, reserved 1056768K
  class space    used 290K, capacity 590K, committed 640K, reserved 1048576K
}
Event: 0.483 GC heap after
{Heap after GC invocations=1 (full 0):
 garbage-first heap   total 196608K, used 1683K [0x0000000741600000, 0x0000000800000000)
  region size 2048K, 1 young (2048K), 1 survivors (2048K)
 Metaspace       used 2623K, capacity 5861K, committed 6016K, reserved 1056768K
  class space    used 290K, capacity 590K, committed 640K, reserved 1048576K
}
Event: 0.808 GC heap before
{Heap before GC invocations=1 (full 0):
 garbage-first heap   total 196608K, used 16019K [0x0000000741600000, 0x0000000800000000)
  region size 2048K, 9 young (18432K), 1 survivors (2048K)
 Metaspace       used 7427K, capacity 9133K, committed 9344K, reserved 1056768K
  class space    used 928K, capacity 1082K, committed 1152K, reserved 1048576K
}
Event: 0.812 GC heap after
{Heap after GC invocations=2 (full 0):
 garbage-first heap   total 196608K, used 4780K [0x0000000741600000, 0x0000000800000000)
  region size 2048K, 2 young (4096K), 2 survivors (4096K)
 Metaspace       used 7427K, capacity 9133K, committed 9344K, reserved 1056768K
  class space    used 928K, capacity 1082K, committed 1152K, reserved 1048576K
}
Event: 2.177 GC heap before
{Heap before GC invocations=2 (full 0):
 garbage-first heap   total 196608K, used 51884K [0x0000000741600000, 0x0000000800000000)
  region size 2048K, 26 young (53248K), 2 survivors (4096K)
 Metaspace       used 20755K, capacity 21152K, committed 21296K, reserved 1067008K
  class space    used 2781K, capacity 2939K, committed 2944K, reserved 1048576K
}
Event: 2.187 GC heap after
{Heap after GC invocations=3 (full 0):
 garbage-first heap   total 196608K, used 11861K [0x0000000741600000, 0x0000000800000000)
  region size 2048K, 6 young (12288K), 6 survivors (12288K)
 Metaspace       used 20755K, capacity 21152K, committed 21296K, reserved 1067008K
  class space    used 2781K, capacity 2939K, committed 2944K, reserved 1048576K
}
Event: 8.897 GC heap before
{Heap before GC invocations=4 (full 0):
 garbage-first heap   total 61440K, used 36437K [0x0000000741600000, 0x0000000800000000)
  region size 2048K, 18 young (36864K), 6 survivors (12288K)
 Metaspace       used 24983K, capacity 25383K, committed 25468K, reserved 1071104K
  class space    used 3160K, capacity 3314K, committed 3328K, reserved 1048576K
}
Event: 8.908 GC heap after
{Heap after GC invocations=5 (full 0):
 garbage-first heap   total 61440K, used 17292K [0x0000000741600000, 0x0000000800000000)
  region size 2048K, 2 young (4096K), 2 survivors (4096K)
 Metaspace       used 24983K, capacity 25383K, committed 25468K, reserved 1071104K
  class space    used 3160K, capacity 3314K, committed 3328K, reserved 1048576K
}
Event: 10.320 GC heap before
{Heap before GC invocations=5 (full 0):
 garbage-first heap   total 61440K, used 39820K [0x0000000741600000, 0x0000000800000000)
  region size 2048K, 13 young (26624K), 2 survivors (4096K)
 Metaspace       used 28587K, capacity 29050K, committed 29308K, reserved 1075200K
  class space    used 3681K, capacity 3832K, committed 3840K, reserved 1048576K
}
Event: 10.325 GC heap after
{Heap after GC invocations=6 (full 0):
 garbage-first heap   total 61440K, used 19681K [0x0000000741600000, 0x0000000800000000)
  region size 2048K, 2 young (4096K), 2 survivors (4096K)
 Metaspace       used 28587K, capacity 29050K, committed 29308K, reserved 1075200K
  class space    used 3681K, capacity 3832K, committed 3840K, reserved 1048576K
}
Event: 19.294 GC heap before
{Heap before GC invocations=6 (full 0):
 garbage-first heap   total 61440K, used 42209K [0x0000000741600000, 0x0000000800000000)
  region size 2048K, 13 young (26624K), 2 survivors (4096K)
 Metaspace       used 29568K, capacity 30030K, committed 30204K, reserved 1075200K
  class space    used 3781K, capacity 3943K, committed 3968K, reserved 1048576K
}
Event: 19.301 GC heap after
{Heap after GC invocations=7 (full 0):
 garbage-first heap   total 61440K, used 23968K [0x0000000741600000, 0x0000000800000000)
  region size 2048K, 2 young (4096K), 2 survivors (4096K)
 Metaspace       used 29568K, capacity 30030K, committed 30204K, reserved 1075200K
  class space    used 3781K, capacity 3943K, committed 3968K, reserved 1048576K
}

